<?xml version="1.0" encoding="UTF-8"?>
<!-- Generated by org.testng.reporters.JUnitReportReporter -->
<testsuite hostname="DESKTOP-9QSI5V8" failures="0" tests="1" name="com.openkappa.splitmap.SplitMapTest" time="0.000" errors="0" timestamp="05 Feb 2018 22:51:37 GMT" skipped="0">
  <testcase classname="com.openkappa.splitmap.SplitMapTest" name="testWriteToSplitMap" time="0.000"/>
</testsuite> <!-- com.openkappa.splitmap.SplitMapTest -->
