<?xml version="1.0" encoding="UTF-8"?>
<!-- Generated by org.testng.reporters.JUnitReportReporter -->
<testsuite hostname="DESKTOP-9QSI5V8" failures="0" tests="5" name="com.openkappa.splitmap.CircuitsTest" time="0.045" errors="0" timestamp="05 Feb 2018 22:51:37 GMT" skipped="0">
  <testcase classname="com.openkappa.splitmap.CircuitsTest" name="testStringConcatenation" time="0.001"/>
  <testcase classname="com.openkappa.splitmap.CircuitsTest" name="testCircuit" time="0.008"/>
  <testcase classname="com.openkappa.splitmap.CircuitsTest" name="testBoxedIntegerArithmetic" time="0.028"/>
  <testcase classname="com.openkappa.splitmap.CircuitsTest" name="testIntersect" time="0.003"/>
  <testcase classname="com.openkappa.splitmap.CircuitsTest" name="testMultidimensionalCount" time="0.005"/>
</testsuite> <!-- com.openkappa.splitmap.CircuitsTest -->
